2018-10-03 15:54:51,086 INFO: CONFERMA_AUTOBID - Ciolle United imposta autobid per KOWNACKI
2018-10-03 16:07:52,660 INFO: CONFERMA_AUTOBID - Ciolle United imposta autobid per KOWNACKI
2018-10-03 19:15:32,990 INFO: CONFERMA_AUTOBID - Ciolle United imposta autobid per KOWNACKI
2018-10-03 19:42:34,971 INFO: CONFERMA_AUTOBID - Ciolle United imposta autobid per KOWNACKI
2018-10-03 23:50:24,397 INFO: /INFO - fcpastaboy
2018-10-03 23:51:04,447 INFO: PREZZO_BASE_AUTOMATICO - Ciolle United offre prezzo base ed imposta autobid per KOWNACKI
2018-10-04 01:36:29,331 INFO: PREZZO_BASE_AUTOMATICO - Ciolle United offre prezzo base ed imposta autobid per KOWNACKI
2018-10-04 11:19:30,717 INFO: /INFO - Ciolle United
2018-10-05 12:19:10,285 INFO: PREZZO_BASE_AUTOMATICO - Ciolle United offre prezzo base ed imposta autobid per DYBALA
2018-10-07 13:18:21,745 INFO: PREZZO_BASE_AUTOMATICO - Ciolle United offre prezzo base ed imposta autobid per MAURI J
2018-10-07 13:21:17,305 INFO: PREZZO_BASE_AUTOMATICO - Ciolle United offre prezzo base ed imposta autobid per MAURI J
2018-10-08 13:18:57,262 INFO: PREZZO_BASE_AUTOMATICO - Ciolle United offre prezzo base ed imposta autobid per DESTRO
2018-10-08 13:22:38,820 INFO: PREZZO_BASE_AUTOMATICO - Ciolle United offre prezzo base ed imposta autobid per DESTRO
2018-10-08 13:23:24,421 INFO: PREZZO_BASE_AUTOMATICO - Ciolle United offre prezzo base ed imposta autobid per DESTRO
2018-10-08 16:17:09,324 INFO: /INFO - Ciolle United
2018-10-08 16:27:20,865 INFO: /INFO - Ciolle United
2018-10-08 17:23:43,316 INFO: /INFO - Ciolle United
2018-10-08 17:24:50,463 INFO: /INFO - Ciolle United
2018-10-08 17:24:56,329 INFO: /INFO_AUTOBID - Ciolle United
2018-10-08 17:40:53,167 INFO: /INFO_AUTOBID - Ciolle United
